[debug] [2024-04-09T20:43:10.612Z] ----------------------------------------------------------------------
[debug] [2024-04-09T20:43:10.615Z] Command:       C:\Program Files\nodejs\node.exe C:\Users\joyki\AppData\Roaming\npm\node_modules\firebase-tools\lib\bin\firebase.js login
[debug] [2024-04-09T20:43:10.616Z] CLI Version:   13.7.1
[debug] [2024-04-09T20:43:10.616Z] Platform:      win32
[debug] [2024-04-09T20:43:10.616Z] Node Version:  v19.6.0
[debug] [2024-04-09T20:43:10.616Z] Time:          Tue Apr 09 2024 21:43:10 GMT+0100 (British Summer Time)
[debug] [2024-04-09T20:43:10.616Z] ----------------------------------------------------------------------
[debug] 
[debug] [2024-04-09T20:43:10.620Z] >>> [apiv2][query] GET https://firebase-public.firebaseio.com/cli.json [none]
[info] i  Firebase optionally collects CLI and Emulator Suite usage and error reporting information to help improve our products. Data is collected in accordance with Google's privacy policy (https://policies.google.com/privacy) and is not used to identify you.
 
[info] i  To change your data collection preference at any time, run `firebase logout` and log in again. 
[info] 
[info] Visit this URL on this device to log in:
[info] https://accounts.google.com/o/oauth2/auth?client_id=563584335869-fgrhgmd47bqnekij5i8b5pr03ho849e6.apps.googleusercontent.com&scope=email%20openid%20https%3A%2F%2Fwww.googleapis.com%2Fauth%2Fcloudplatformprojects.readonly%20https%3A%2F%2Fwww.googleapis.com%2Fauth%2Ffirebase%20https%3A%2F%2Fwww.googleapis.com%2Fauth%2Fcloud-platform&response_type=code&state=315523539&redirect_uri=http%3A%2F%2Flocalhost%3A9005
[info] 
[info] Waiting for authentication...
[debug] [2024-04-09T20:43:14.387Z] Error: spawn cmd ENOENT
    at ChildProcess._handle.onexit (node:internal/child_process:285:19)
    at onErrorNT (node:internal/child_process:483:16)
    at process.processTicksAndRejections (node:internal/process/task_queues:82:21)
[error] 
[error] Error: An unexpected error has occurred.
[debug] [2024-04-09T20:43:43.409Z] ----------------------------------------------------------------------
[debug] [2024-04-09T20:43:43.412Z] Command:       C:\Program Files\nodejs\node.exe C:\Users\joyki\AppData\Roaming\npm\node_modules\firebase-tools\lib\bin\firebase.js login
[debug] [2024-04-09T20:43:43.412Z] CLI Version:   13.7.1
[debug] [2024-04-09T20:43:43.412Z] Platform:      win32
[debug] [2024-04-09T20:43:43.413Z] Node Version:  v19.6.0
[debug] [2024-04-09T20:43:43.413Z] Time:          Tue Apr 09 2024 21:43:43 GMT+0100 (British Summer Time)
[debug] [2024-04-09T20:43:43.413Z] ----------------------------------------------------------------------
[debug] 
[debug] [2024-04-09T20:43:43.416Z] >>> [apiv2][query] GET https://firebase-public.firebaseio.com/cli.json [none]
[info] i  Firebase optionally collects CLI and Emulator Suite usage and error reporting information to help improve our products. Data is collected in accordance with Google's privacy policy (https://policies.google.com/privacy) and is not used to identify you.
 
[debug] [2024-04-09T20:43:43.733Z] <<< [apiv2][status] GET https://firebase-public.firebaseio.com/cli.json 200
[debug] [2024-04-09T20:43:43.733Z] <<< [apiv2][body] GET https://firebase-public.firebaseio.com/cli.json {"cloudBuildErrorAfter":1594252800000,"cloudBuildWarnAfter":1590019200000,"defaultNode10After":1594252800000,"minVersion":"3.0.5","node8DeploysDisabledAfter":1613390400000,"node8RuntimeDisabledAfter":1615809600000,"node8WarnAfter":1600128000000}
[info] i  To change your data collection preference at any time, run `firebase logout` and log in again. 
[info] 
[info] Visit this URL on this device to log in:
[info] https://accounts.google.com/o/oauth2/auth?client_id=563584335869-fgrhgmd47bqnekij5i8b5pr03ho849e6.apps.googleusercontent.com&scope=email%20openid%20https%3A%2F%2Fwww.googleapis.com%2Fauth%2Fcloudplatformprojects.readonly%20https%3A%2F%2Fwww.googleapis.com%2Fauth%2Ffirebase%20https%3A%2F%2Fwww.googleapis.com%2Fauth%2Fcloud-platform&response_type=code&state=462899854&redirect_uri=http%3A%2F%2Flocalhost%3A9005
[info] 
[info] Waiting for authentication...
[debug] [2024-04-09T20:43:47.717Z] Error: spawn cmd ENOENT
    at ChildProcess._handle.onexit (node:internal/child_process:285:19)
    at onErrorNT (node:internal/child_process:483:16)
    at process.processTicksAndRejections (node:internal/process/task_queues:82:21)
[error] 
[error] Error: An unexpected error has occurred.
